0 info it worked if it ends with ok
1 verbose cli [ '/opt/anaconda3/bin/node',
1 verbose cli   '/opt/anaconda3/bin/npm',
1 verbose cli   'run',
1 verbose cli   'dev' ]
2 info using npm@3.10.10
3 info using node@v6.13.1
4 verbose config Skipping project config: /Users/christianjohnson/.npmrc. (matches userconfig)
5 verbose stack Error: missing script: dev
5 verbose stack     at run (/opt/anaconda3/lib/node_modules/npm/lib/run-script.js:151:19)
5 verbose stack     at /opt/anaconda3/lib/node_modules/npm/lib/run-script.js:61:5
5 verbose stack     at /opt/anaconda3/lib/node_modules/npm/node_modules/read-package-json/read-json.js:356:5
5 verbose stack     at checkBinReferences_ (/opt/anaconda3/lib/node_modules/npm/node_modules/read-package-json/read-json.js:320:45)
5 verbose stack     at final (/opt/anaconda3/lib/node_modules/npm/node_modules/read-package-json/read-json.js:354:3)
5 verbose stack     at then (/opt/anaconda3/lib/node_modules/npm/node_modules/read-package-json/read-json.js:124:5)
5 verbose stack     at ReadFileContext.<anonymous> (/opt/anaconda3/lib/node_modules/npm/node_modules/read-package-json/read-json.js:295:20)
5 verbose stack     at ReadFileContext.callback (/opt/anaconda3/lib/node_modules/npm/node_modules/graceful-fs/graceful-fs.js:78:16)
5 verbose stack     at FSReqWrap.readFileAfterOpen [as oncomplete] (fs.js:367:13)
6 verbose cwd /Users/christianjohnson/Documents/GitHub/playground
7 error Darwin 24.5.0
8 error argv "/opt/anaconda3/bin/node" "/opt/anaconda3/bin/npm" "run" "dev"
9 error node v6.13.1
10 error npm  v3.10.10
11 error missing script: dev
12 error If you need help, you may report this error at:
12 error     <https://github.com/npm/npm/issues>
13 verbose exit [ 1, true ]
